[INFO ] 2020-04-25 18:48:01.088 [main] ConsultGarageStockImpl - retrieveSupervisionOfGarage in
[INFO ] 2020-04-25 18:57:57.332 [main] Main - Garrage Cli application START
[INFO ] 2020-04-25 18:57:57.367 [main] Main - [Belle Voiture de luxe in Puteau have 4 vehicle(s)]
[INFO ] 2020-04-25 18:57:57.368 [main] Main - [Super Tuture in Puteau have 7 vehicle(s)]
[INFO ] 2020-04-25 18:57:57.368 [main] Main - Garrage Cli application ENDDING
[INFO ] 2020-04-27 18:10:38.957 [main] Main - Run the application with memory repository
[INFO ] 2020-04-27 19:02:51.598 [main] Main - Run the application with memory repository
[INFO ] 2020-04-27 19:06:36.263 [main] Main - Run the application with memory repository
[INFO ] 2020-04-27 19:09:02.743 [main] Main - Run the application with memory repository
[INFO ] 2020-04-27 19:09:18.630 [main] GarageApplication - doEnrichLowStockGarage
[INFO ] 2020-04-27 19:09:26.203 [main] GarageApplication - doDescriptionOfGarage
[INFO ] 2020-04-27 21:19:13.085 [main] Main - Run the application with memory repository
[INFO ] 2020-04-27 21:19:30.078 [main] GarageApplication - doDescriptionOfGarage
[INFO ] 2020-04-27 21:19:40.699 [main] GarageApplication - doEnrichLowStockGarage
[INFO ] 2020-04-27 21:29:11.957 [main] Main - Run the application with memory repository
[INFO ] 2020-04-27 21:29:23.832 [main] GarageApplication - doDescriptionOfGarage
[INFO ] 2020-04-27 21:29:23.847 [main] GarageApplication - [Belle Voiture de luxe in Puteau have 4 vehicle(s)]
[INFO ] 2020-04-27 21:29:23.847 [main] GarageApplication - [Super Tuture in Puteau have 7 vehicle(s)]
[INFO ] 2020-04-27 21:29:31.197 [main] GarageApplication - doEnrichLowStockGarage
[INFO ] 2020-04-27 21:29:31.198 [main] GarageApplication - IdChassi = 0
[INFO ] 2020-04-27 21:29:31.198 [main] GarageApplication - [Belle Voiture de luxe in Puteau have 4 vehicle(s)]
[INFO ] 2020-04-27 21:29:42.850 [main] GarageApplication - doDescriptionOfGarage
[INFO ] 2020-04-27 21:29:42.851 [main] GarageApplication - [Belle Voiture de luxe in Puteau have 8 vehicle(s)]
[INFO ] 2020-04-27 21:29:42.851 [main] GarageApplication - [Super Tuture in Puteau have 7 vehicle(s)]
[INFO ] 2020-04-27 21:30:21.138 [main] Main - Run the application with memory repository
[INFO ] 2020-04-27 21:30:31.288 [main] GarageApplication - doDescriptionOfGarage
[INFO ] 2020-04-27 21:30:31.305 [main] GarageApplication - [Belle Voiture de luxe in Puteau have 4 vehicle(s)]
[INFO ] 2020-04-27 21:30:31.305 [main] GarageApplication - [Super Tuture in Puteau have 7 vehicle(s)]
[INFO ] 2020-04-27 21:30:34.537 [main] GarageApplication - doEnrichLowStockGarage
[INFO ] 2020-04-27 21:30:34.538 [main] GarageApplication - IdChassi = 505
[INFO ] 2020-04-27 21:30:34.538 [main] GarageApplication - [Belle Voiture de luxe in Puteau have 4 vehicle(s)]
[INFO ] 2020-04-27 21:30:40.679 [main] GarageApplication - doDescriptionOfGarage
[INFO ] 2020-04-27 21:30:40.680 [main] GarageApplication - [Belle Voiture de luxe in Puteau have 8 vehicle(s)]
[INFO ] 2020-04-27 21:30:40.680 [main] GarageApplication - [Super Tuture in Puteau have 7 vehicle(s)]
[INFO ] 2020-04-27 21:30:43.036 [main] GarageApplication - doEnrichLowStockGarage
[INFO ] 2020-04-27 21:30:43.036 [main] GarageApplication - IdChassi = 998
[INFO ] 2020-05-07 15:38:56.972 [main] Main - Run the application with memory repository
[INFO ] 2020-05-07 15:39:09.389 [main] GarageApplication - doDescriptionOfGarage
[INFO ] 2020-05-07 15:39:21.902 [main] GarageApplication - doDescriptionOfGarage
[INFO ] 2020-05-07 15:39:34.202 [main] GarageApplication - doEnrichLowStockGarage
[INFO ] 2020-05-07 15:40:16.176 [main] Main - Run the application with memory repository
[INFO ] 2020-05-07 15:42:28.735 [main] GarageApplication - doDescriptionOfGarage
[INFO ] 2020-05-07 15:44:08.274 [main] Main - Run the application with memory repository
[INFO ] 2020-05-07 15:44:14.071 [main] GarageApplication - doDescriptionOfGarage
[ERROR] 2020-05-07 15:44:14.072 [main] GarageApplication - java.lang.NullPointerException
[INFO ] 2020-05-07 15:45:24.172 [main] Main - Run the application with memory repository
[INFO ] 2020-05-07 15:46:01.147 [main] GarageApplication - doDescriptionOfGarage
[ERROR] 2020-05-07 15:46:30.874 [main] GarageApplication - java.lang.NullPointerException
[INFO ] 2020-05-07 17:00:49.135 [main] Main - Run the application with memory repository
[INFO ] 2020-05-07 17:01:12.041 [main] GarageApplication - doDescriptionOfGarage
[INFO ] 2020-05-07 17:01:12.100 [main] GarageApplication - [Garage 4 in Location 2 have 11 vehicle(s)]
[INFO ] 2020-05-07 17:01:12.100 [main] GarageApplication - [Garage 3 in Location 1 have 15 vehicle(s)]
[INFO ] 2020-05-07 17:01:12.100 [main] GarageApplication - [Garage 2 in Location 2 have 3 vehicle(s)]
[INFO ] 2020-05-07 17:01:12.101 [main] GarageApplication - [Garage 1 in Location 1 have 3 vehicle(s)]
[ERROR] 2020-05-07 17:01:41.689 [main] GarageApplication - java.lang.NumberFormatException: For input string: ""
[INFO ] 2020-05-07 20:28:52.202 [main] Main - Run the application with memory repository
[INFO ] 2020-05-07 20:28:59.490 [main] GarageApplication - doDescriptionOfGarage
[INFO ] 2020-05-07 20:28:59.559 [main] GarageApplication - [Garage 4 in Location 2 have 11 vehicle(s)]
[INFO ] 2020-05-07 20:28:59.560 [main] GarageApplication - [Garage 3 in Location 1 have 15 vehicle(s)]
[INFO ] 2020-05-07 20:28:59.560 [main] GarageApplication - [Garage 2 in Location 2 have 3 vehicle(s)]
[INFO ] 2020-05-07 20:28:59.560 [main] GarageApplication - [Garage 1 in Location 1 have 3 vehicle(s)]
[INFO ] 2020-05-07 20:29:13.433 [main] GarageApplication - doEnrichLowStockGarage
[INFO ] 2020-05-07 20:29:13.450 [main] GarageApplication - IdChassis = 114422
[INFO ] 2020-05-07 20:29:13.450 [main] GarageApplication - [Garage 2 in Location 2 have 3 vehicle(s)]
[INFO ] 2020-05-07 20:29:13.545 [main] GarageApplication - [Garage 1 in Location 1 have 3 vehicle(s)]
[INFO ] 2020-05-07 20:29:17.615 [main] GarageApplication - doDescriptionOfGarage
[INFO ] 2020-05-07 20:29:17.627 [main] GarageApplication - [Garage 4 in Location 2 have 11 vehicle(s)]
[INFO ] 2020-05-07 20:29:17.627 [main] GarageApplication - [Garage 3 in Location 1 have 15 vehicle(s)]
[INFO ] 2020-05-07 20:29:17.627 [main] GarageApplication - [Garage 2 in Location 2 have 3 vehicle(s)]
[INFO ] 2020-05-07 20:29:17.627 [main] GarageApplication - [Garage 1 in Location 1 have 3 vehicle(s)]
[INFO ] 2020-05-09 14:16:54.679 [main] Main - Run the application with memory repository
[INFO ] 2020-05-09 14:17:04.207 [main] GarageApplication - doDescriptionOfGarage
[INFO ] 2020-05-09 14:17:17.895 [main] GarageApplication - doDescriptionOfGarage
[INFO ] 2020-05-09 14:18:24.927 [main] Main - Run the application with memory repository
[INFO ] 2020-05-09 14:18:39.387 [main] GarageApplication - doDescriptionOfGarage
[INFO ] 2020-05-09 14:19:12.372 [main] GarageApplication - doDescriptionOfGarage
[INFO ] 2020-05-09 14:19:54.470 [main] GarageApplication - doDescriptionOfGarage
[INFO ] 2020-05-09 14:24:15.100 [main] Main - Run the application with memory repository
[INFO ] 2020-05-09 14:24:22.603 [main] GarageApplication - doDescriptionOfGarage
[INFO ] 2020-05-09 14:28:16.763 [main] Main - Run the application with memory repository
[INFO ] 2020-05-09 14:28:21.601 [main] GarageApplication - doDescriptionOfGarage
[INFO ] 2020-05-09 14:28:21.676 [main] GarageApplication - [Garage 4 in Location 2 have 11 vehicle(s)]
[INFO ] 2020-05-09 14:28:21.676 [main] GarageApplication - [Garage 3 in Location 1 have 15 vehicle(s)]
[INFO ] 2020-05-09 14:28:21.676 [main] GarageApplication - [Garage 2 in Location 2 have 3 vehicle(s)]
[INFO ] 2020-05-09 14:28:21.676 [main] GarageApplication - [Garage 1 in Location 1T1T1T1T1 have 3 vehicle(s)]
[INFO ] 2020-05-09 14:28:21.676 [main] GarageApplication - [NiiAcp8CfF in VLal0tMQNY have 0 vehicle(s)]
[INFO ] 2020-05-09 14:28:48.918 [main] GarageApplication - doEnrichLowStockGarage
[INFO ] 2020-05-09 14:28:48.920 [main] GarageApplication - IdChassis = -1362191202
[INFO ] 2020-05-09 14:28:48.920 [main] GarageApplication - [Garage 2 in Location 2 have 3 vehicle(s)]
[INFO ] 2020-05-09 14:28:49.030 [main] GarageApplication - [Garage 1 in Location 1T1T1T1T1 have 3 vehicle(s)]
[INFO ] 2020-05-09 14:28:49.057 [main] GarageApplication - [NiiAcp8CfF in VLal0tMQNY have 0 vehicle(s)]
[INFO ] 2020-05-09 14:28:53.158 [main] GarageApplication - doDescriptionOfGarage
[INFO ] 2020-05-09 14:28:53.159 [main] GarageApplication - [Garage 4 in Location 2 have 11 vehicle(s)]
[INFO ] 2020-05-09 14:28:53.159 [main] GarageApplication - [Garage 3 in Location 1 have 15 vehicle(s)]
[INFO ] 2020-05-09 14:28:53.159 [main] GarageApplication - [Garage 2 in Location 2 have 7 vehicle(s)]
[INFO ] 2020-05-09 14:28:53.159 [main] GarageApplication - [Garage 1 in Location 1T1T1T1T1 have 7 vehicle(s)]
[INFO ] 2020-05-09 14:28:53.159 [main] GarageApplication - [NiiAcp8CfF in VLal0tMQNY have 4 vehicle(s)]
